\BOOKMARK [0][]{section*.1}{Frontespizio}{}% 1
\BOOKMARK [0][]{section*.2}{Indice}{}% 2
\BOOKMARK [0][]{section*.3}{Elenco delle figure}{}% 3
\BOOKMARK [0][]{chapter.1}{1 Introduzione}{}% 4
\BOOKMARK [1][-]{section.1.1}{1.1 Obiettivi del progetto}{chapter.1}% 5
\BOOKMARK [1][-]{section.1.2}{1.2 Descrizione generale}{chapter.1}% 6
\BOOKMARK [1][-]{section.1.3}{1.3 Utenti target}{chapter.1}% 7
\BOOKMARK [0][]{chapter.2}{2 Design dell'applicazione}{}% 8
\BOOKMARK [1][-]{section.2.1}{2.1 Interfaccia}{chapter.2}% 9
\BOOKMARK [1][-]{section.2.2}{2.2 Schermate dell'applicazione}{chapter.2}% 10
\BOOKMARK [2][-]{subsection.2.2.1}{2.2.1 Home}{section.2.2}% 11
\BOOKMARK [2][-]{subsection.2.2.2}{2.2.2 Stato del treno}{section.2.2}% 12
\BOOKMARK [2][-]{subsection.2.2.3}{2.2.3 Valuta il treno}{section.2.2}% 13
\BOOKMARK [2][-]{subsection.2.2.4}{2.2.4 Hai valutato}{section.2.2}% 14
\BOOKMARK [2][-]{subsection.2.2.5}{2.2.5 Il tuo Profilo}{section.2.2}% 15
\BOOKMARK [2][-]{subsection.2.2.6}{2.2.6 Informazioni}{section.2.2}% 16
\BOOKMARK [1][-]{section.2.3}{2.3 Gesture utilizzate}{chapter.2}% 17
\BOOKMARK [2][-]{subsection.2.3.1}{2.3.1 Gesture men\371 laterale}{section.2.3}% 18
\BOOKMARK [2][-]{subsection.2.3.2}{2.3.2 Gesture valutazione treno}{section.2.3}% 19
\BOOKMARK [0][]{chapter.3}{3 Gamification}{}% 20
\BOOKMARK [1][-]{section.3.1}{3.1 Tecnologie persuasive}{chapter.3}% 21
\BOOKMARK [1][-]{section.3.2}{3.2 Gamification e tipi di giocatore}{chapter.3}% 22
\BOOKMARK [1][-]{section.3.3}{3.3 Gamification: caratteristiche del sistema}{chapter.3}% 23
\BOOKMARK [1][-]{section.3.4}{3.4 Meccaniche di gamification}{chapter.3}% 24
\BOOKMARK [1][-]{section.3.5}{3.5 Meccaniche di gioco in Trains}{chapter.3}% 25
\BOOKMARK [1][-]{section.3.6}{3.6 Dinamiche di gioco e FBM \(Fogg Behavior Model\)}{chapter.3}% 26
\BOOKMARK [0][]{chapter.4}{4 Implementazione}{}% 27
\BOOKMARK [1][-]{section.4.1}{4.1 Ambiente di sviluppo}{chapter.4}% 28
\BOOKMARK [1][-]{section.4.2}{4.2 Tecnologie usate}{chapter.4}% 29
\BOOKMARK [1][-]{section.4.3}{4.3 Il framework Flutter}{chapter.4}% 30
\BOOKMARK [2][-]{subsection.4.3.1}{4.3.1 Descrizione}{section.4.3}% 31
\BOOKMARK [2][-]{subsection.4.3.2}{4.3.2 Vantaggi e svantaggi}{section.4.3}% 32
\BOOKMARK [2][-]{subsection.4.3.3}{4.3.3 Problemi riscontrati e soluzioni apportate}{section.4.3}% 33
\BOOKMARK [2][-]{subsection.4.3.4}{4.3.4 Comparazione con altri framework}{section.4.3}% 34
\BOOKMARK [0][]{chapter.5}{5 Conclusioni}{}% 35
\BOOKMARK [1][-]{section.5.1}{5.1 Valutazione di Flutter}{chapter.5}% 36
\BOOKMARK [1][-]{section.5.2}{5.2 Persuasione e gamification}{chapter.5}% 37
\BOOKMARK [0][]{section.5.2}{Bibliografia}{}% 38
